[13:52:40] [ServerMain/INFO]: Environment: authHost='https://authserver.mojang.com', accountsHost='https://api.mojang.com', sessionHost='https://sessionserver.mojang.com', servicesHost='https://api.minecraftservices.com', name='PROD'
[13:52:42] [ServerMain/INFO]: Loaded 7 recipes
[13:52:42] [ServerMain/INFO]: Loaded 1179 advancements
[13:52:42] [Server thread/INFO]: Starting minecraft server version 1.19.4
[13:52:42] [Server thread/INFO]: Loading properties
[13:52:42] [Server thread/INFO]: Default game type: SURVIVAL
[13:52:42] [Server thread/INFO]: Generating keypair
[13:52:42] [Server thread/INFO]: Starting Minecraft server on *:25565
[13:52:42] [Server thread/INFO]: Using epoll channel type
[13:52:42] [Server thread/WARN]: **** SERVER IS RUNNING IN OFFLINE/INSECURE MODE!
[13:52:42] [Server thread/WARN]: The server will make no attempt to authenticate usernames. Beware.
[13:52:42] [Server thread/WARN]: While this makes the game possible to play without internet access, it also opens up the ability for hackers to connect with any username they choose.
[13:52:42] [Server thread/WARN]: To change this, set "online-mode" to "true" in the server.properties file.
[13:52:42] [Server thread/INFO]: Preparing level "world"
[13:52:48] [Server thread/INFO]: Preparing start region for dimension minecraft:overworld
[13:52:49] [Worker-Main-1/INFO]: Preparing spawn area: 0%
[13:52:49] [Worker-Main-3/INFO]: Preparing spawn area: 0%
[13:52:49] [Worker-Main-2/INFO]: Preparing spawn area: 0%
[13:52:50] [Worker-Main-1/INFO]: Preparing spawn area: 0%
[13:52:50] [Worker-Main-2/INFO]: Preparing spawn area: 0%
[13:52:51] [Worker-Main-1/INFO]: Preparing spawn area: 0%
[13:52:51] [Worker-Main-3/INFO]: Preparing spawn area: 1%
[13:52:52] [Worker-Main-2/INFO]: Preparing spawn area: 2%
[13:52:52] [Worker-Main-1/INFO]: Preparing spawn area: 2%
[13:52:53] [Worker-Main-2/INFO]: Preparing spawn area: 3%
[13:52:53] [Worker-Main-3/INFO]: Preparing spawn area: 4%
[13:52:54] [Worker-Main-3/INFO]: Preparing spawn area: 5%
[13:52:54] [Worker-Main-1/INFO]: Preparing spawn area: 7%
[13:52:55] [Worker-Main-2/INFO]: Preparing spawn area: 9%
[13:52:55] [Worker-Main-2/INFO]: Preparing spawn area: 10%
[13:52:56] [Worker-Main-3/INFO]: Preparing spawn area: 12%
[13:52:56] [Worker-Main-3/INFO]: Preparing spawn area: 15%
[13:52:57] [Worker-Main-2/INFO]: Preparing spawn area: 16%
[13:52:57] [Worker-Main-3/INFO]: Preparing spawn area: 18%
[13:52:58] [Worker-Main-2/INFO]: Preparing spawn area: 20%
[13:52:58] [Worker-Main-1/INFO]: Preparing spawn area: 22%
[13:52:59] [Worker-Main-1/INFO]: Preparing spawn area: 24%
[13:52:59] [Worker-Main-2/INFO]: Preparing spawn area: 26%
[13:53:00] [Worker-Main-3/INFO]: Preparing spawn area: 29%
[13:53:00] [Worker-Main-3/INFO]: Preparing spawn area: 30%
[13:53:01] [Worker-Main-1/INFO]: Preparing spawn area: 33%
[13:53:01] [Worker-Main-1/INFO]: Preparing spawn area: 34%
[13:53:02] [Worker-Main-2/INFO]: Preparing spawn area: 37%
[13:53:02] [Worker-Main-1/INFO]: Preparing spawn area: 39%
[13:53:03] [Worker-Main-1/INFO]: Preparing spawn area: 42%
[13:53:03] [Worker-Main-2/INFO]: Preparing spawn area: 43%
[13:53:04] [Worker-Main-1/INFO]: Preparing spawn area: 45%
[13:53:04] [Worker-Main-1/INFO]: Preparing spawn area: 48%
[13:53:05] [Worker-Main-1/INFO]: Preparing spawn area: 52%
[13:53:05] [Worker-Main-2/INFO]: Preparing spawn area: 54%
[13:53:06] [Worker-Main-1/INFO]: Preparing spawn area: 56%
[13:53:06] [Worker-Main-1/INFO]: Preparing spawn area: 59%
[13:53:07] [Worker-Main-1/INFO]: Preparing spawn area: 63%
[13:53:07] [Worker-Main-2/INFO]: Preparing spawn area: 66%
[13:53:08] [Worker-Main-3/INFO]: Preparing spawn area: 68%
[13:53:08] [Worker-Main-2/INFO]: Preparing spawn area: 71%
[13:53:09] [Worker-Main-3/INFO]: Preparing spawn area: 74%
[13:53:09] [Worker-Main-1/INFO]: Preparing spawn area: 78%
[13:53:10] [Worker-Main-3/INFO]: Preparing spawn area: 82%
[13:53:10] [Worker-Main-3/INFO]: Preparing spawn area: 84%
[13:53:11] [Worker-Main-1/INFO]: Preparing spawn area: 87%
[13:53:11] [Worker-Main-1/INFO]: Preparing spawn area: 90%
[13:53:12] [Worker-Main-2/INFO]: Preparing spawn area: 93%
[13:53:12] [Worker-Main-3/INFO]: Preparing spawn area: 97%
[13:53:12] [Server thread/INFO]: Time elapsed: 24326 ms
[13:53:12] [Server thread/INFO]: Done (30.061s)! For help, type "help"
[13:53:19] [Server thread/INFO]: Jax0w0[/100.118.83.43:50813] logged in with entity id 208 at (-457.5, 52.0, 177.5)
[13:53:19] [Server thread/INFO]: Jax0w0 joined the game
[13:57:55] [Server thread/INFO]: Jax0w0 lost connection: Disconnected
[13:57:55] [Server thread/INFO]: Jax0w0 left the game
[13:58:43] [Server thread/INFO]: Jax0w0[/100.118.83.43:51167] logged in with entity id 879 at (-454.7115488834201, 60.0, 184.03282704195456)
[13:58:43] [Server thread/INFO]: Jax0w0 joined the game
[14:05:56] [Server thread/INFO]: Jax0w0 fell from a high place
[14:05:57] [Server thread/INFO]: Jax0w0 lost connection: Disconnected
[14:05:57] [Server thread/INFO]: Jax0w0 left the game
[14:05:58] [Server thread/INFO]: Jax0w0[/100.118.83.43:51471] logged in with entity id 1961 at (-457.18288339822413, 60.0, 184.33161518933474)
[14:05:58] [Server thread/INFO]: Jax0w0 joined the game
[14:09:37] [Server thread/INFO]: Jax0w0 lost connection: Disconnected
[14:09:37] [Server thread/INFO]: Jax0w0 left the game
[14:09:50] [Server thread/INFO]: Jax0w0[/100.118.83.43:51658] logged in with entity id 2433 at (-456.4316859434224, 60.0, 184.51378327983528)
[14:09:50] [Server thread/INFO]: Jax0w0 joined the game
[14:10:19] [Server thread/INFO]: Jax0w0 has made the advancement [Stone Age]
[14:10:39] [Server thread/INFO]: Jax0w0 has made the advancement [Getting an Upgrade]
[14:10:46] [Server thread/INFO]: Jax0w0 has made the advancement [Monster Hunter]
[14:23:53] [Server thread/INFO]: Jax0w0 has made the advancement [Acquire Hardware]
[14:24:10] [Server thread/INFO]: Jax0w0 has made the advancement [Isn't It Iron Pick]
[14:31:57] [Server thread/INFO]: Jax0w0 has made the advancement [Not Today, Thank You]
